<?xml version="1.0" encoding="UTF-8"?>
<testng-results ignored="0" total="1" passed="1" failed="0" skipped="0">
  <reporter-output>
    <line>
      <![CDATA[Name : Devaraj Shirur]]>
    </line>
  </reporter-output>
  <suite started-at="2022-02-01T10:59:19 GMT-08:00" name="Default suite" finished-at="2022-02-01T10:59:33 GMT-08:00" duration-ms="14393">
    <groups>
    </groups>
    <test started-at="2022-02-01T10:59:19 GMT-08:00" name="Default test" finished-at="2022-02-01T10:59:33 GMT-08:00" duration-ms="14393">
      <class name="mobilePhones.TC_AT_001test">
        <test-method signature="employeename()[pri:0, instance:mobilePhones.TC_AT_001test@524d6d96]" started-at="2022-02-01T10:59:19 GMT-08:00" name="employeename" finished-at="2022-02-01T10:59:33 GMT-08:00" duration-ms="14292" status="PASS">
          <reporter-output>
            <line>
              <![CDATA[Name : Devaraj Shirur]]>
            </line>
          </reporter-output>
        </test-method> <!-- employeename -->
      </class> <!-- mobilePhones.TC_AT_001test -->
    </test> <!-- Default test -->
  </suite> <!-- Default suite -->
</testng-results>
