<?xml version="1.0" encoding="UTF-8"?>
<!-- Generated by org.testng.reporters.JUnitXMLReporter -->
<testsuite hostname="DESKTOP-4S43LEA" ignored="0" name="Test" tests="5" failures="0" timestamp="2022-02-02T03:23:59 PST" time="27.301" errors="0">
  <testcase name="employeename" time="10.038" classname="mobilePhones.TC_AT_00Test"/>
  <testcase name="parameterisation" time="6.397" classname="mobilePhones.TC_PARA_001Test"/>
  <testcase name="department" time="4.007" classname="mobilePhones.TC_AT_004Test"/>
  <testcase name="employeeID" time="3.132" classname="mobilePhones.TC_AT_002Test"/>
  <testcase name="salary" time="3.61" classname="mobilePhones.TC_AT_003Test"/>
</testsuite> <!-- Test -->
